<?xml version="1.0" encoding="UTF-8"?>
<!-- Generated by org.testng.reporters.JUnitReportReporter -->
<testsuite name="cn.itcast.gjp.test" tests="4" time="0.004" ignored="0" failures="0" timestamp="11 Oct 2019 03:42:46 GMT" skipped="0" hostname="appledeMacBook-Pro-185.local" errors="0">
  <testcase name="test1" time="0.003" classname="cn.itcast.gjp.test"/>
  <testcase name="test1" time="0.000" classname="cn.itcast.gjp.test"/>
  <testcase name="test1" time="0.001" classname="cn.itcast.gjp.test"/>
  <testcase name="test1" time="0.000" classname="cn.itcast.gjp.test"/>
</testsuite> <!-- cn.itcast.gjp.test -->
