<?xml version="1.0" encoding="UTF-8"?>
<!-- Generated by org.testng.reporters.JUnitReportReporter -->
<testsuite name="cn.itcast.gjp.test" tests="1" time="0.022" ignored="0" failures="0" timestamp="21 九月 2019 16:02:41 GMT" skipped="0" hostname="appledembp-185" errors="0">
  <testcase name="test1" time="0.022" classname="cn.itcast.gjp.test"/>
</testsuite> <!-- cn.itcast.gjp.test -->
